Running php-build composer

WARNING! Your credentials are stored unencrypted in '/home/runner/.docker/config.json'.
Configure a credential helper to remove this warning. See
https://docs.docker.com/go/credential-store/

Login Succeeded
Pulling docker.pkg.github.com/cloudflare/cloudflare-wordpress/php-actions_composer_cloudflare-wordpress:php-7.4-build2.1.0
php-7.4-build2.1.0: Pulling from cloudflare/cloudflare-wordpress/php-actions_composer_cloudflare-wordpress
ca7dd9ec2225: Pulling fs layer
1b78b4fe0ca1: Pulling fs layer
9d6040f2a28f: Pulling fs layer
0e2e66b89284: Pulling fs layer
3b1be5f02bec: Pulling fs layer
96243f515dda: Pulling fs layer
4006f78ca99d: Pulling fs layer
3c76b37a5dd7: Pulling fs layer
6491a80416fc: Pulling fs layer
1a253e388736: Pulling fs layer
0e2e66b89284: Waiting
3b1be5f02bec: Waiting
4006f78ca99d: Waiting
3c76b37a5dd7: Waiting
96243f515dda: Waiting
6491a80416fc: Waiting
1a253e388736: Waiting
9d6040f2a28f: Verifying Checksum
9d6040f2a28f: Download complete
1b78b4fe0ca1: Verifying Checksum
1b78b4fe0ca1: Download complete
ca7dd9ec2225: Verifying Checksum
ca7dd9ec2225: Download complete
0e2e66b89284: Verifying Checksum
0e2e66b89284: Download complete
96243f515dda: Verifying Checksum
96243f515dda: Download complete
ca7dd9ec2225: Pull complete
3c76b37a5dd7: Verifying Checksum
3c76b37a5dd7: Download complete
3b1be5f02bec: Verifying Checksum
3b1be5f02bec: Download complete
6491a80416fc: Verifying Checksum
6491a80416fc: Download complete
1b78b4fe0ca1: Pull complete
9d6040f2a28f: Pull complete
4006f78ca99d: Verifying Checksum
4006f78ca99d: Download complete
0e2e66b89284: Pull complete
1a253e388736: Verifying Checksum
1a253e388736: Download complete
3b1be5f02bec: Pull complete
96243f515dda: Pull complete
4006f78ca99d: Pull complete
3c76b37a5dd7: Pull complete
6491a80416fc: Pull complete
1a253e388736: Pull complete
Digest: sha256:bf481540f1892d9f62ef8a6b3d4a1b6760df47df2b75ea64949d1845289e528c
Status: Downloaded newer image for docker.pkg.github.com/cloudflare/cloudflare-wordpress/php-actions_composer_cloudflare-wordpress:php-7.4-build2.1.0
docker.pkg.github.com/cloudflare/cloudflare-wordpress/php-actions_composer_cloudflare-wordpress:php-7.4-build2.1.0
Docker tag: docker.pkg.github.com/cloudflare/cloudflare-wordpress/php-actions_composer_cloudflare-wordpress:php-7.4-build2.1.0
No private keys supplied
Command: composer install --no-dev --no-progress --no-interaction
Skipping env variable PWD
Skipping env variable HOME
Skipping env variable SHLVL
Skipping env variable PATH
